kotlin version: 2.3.0
error message: java.lang.RuntimeException: Exception while generating code for:
FUN LOCAL_FUNCTION_FOR_LAMBDA name:onCreate$lambda$0 visibility:private modality:FINAL returnType:kotlin.Unit?
  VALUE_PARAMETER BOUND_VALUE_PARAMETER kind:Regular name:$prefs index:0 type:com.example.gigpilot.data.GigPrefs
  VALUE_PARAMETER BOUND_VALUE_PARAMETER kind:Regular name:this$0 index:1 type:com.example.gigpilot.MainActivity
  BLOCK_BODY
    VAR PROPERTY_DELEGATE name:isAppDark$delegate type:androidx.compose.runtime.MutableState<kotlin.Boolean> [val]
      CALL 'public final fun remember <T> (calculation: @[DisallowComposableCalls] kotlin.Function0<T of androidx.compose.runtime.ComposablesKt.remember>): T of androidx.compose.runtime.ComposablesKt.remember [inline] declared in androidx.compose.runtime.ComposablesKt' type=androidx.compose.runtime.MutableState<kotlin.Boolean> origin=null
        TYPE_ARG T: androidx.compose.runtime.MutableState<kotlin.Boolean>
        ARG calculation: RICH_FUNCTION_REFERENCE type=kotlin.Function0<androidx.compose.runtime.MutableState<kotlin.Boolean>> origin=INLINE_LAMBDA reflectionTarget='null'
          overriddenFunctionSymbol: public abstract fun invoke (): R of kotlin.Function0 [operator] declared in kotlin.Function0
          bound $prefs: GET_VAR '$prefs: com.example.gigpilot.data.GigPrefs declared in com.example.gigpilot.MainActivity.onCreate$lambda$0' type=com.example.gigpilot.data.GigPrefs origin=null
          invoke: FUN INLINE_LAMBDA name:onCreate$lambda$0$0 visibility:private modality:FINAL returnType:androidx.compose.runtime.MutableState<kotlin.Boolean>
            VALUE_PARAMETER BOUND_VALUE_PARAMETER kind:Regular name:$prefs index:0 type:com.example.gigpilot.data.GigPrefs
            BLOCK_BODY
              VAR name:$i$a$-remember-MainActivity$onCreate$1$isAppDark$2 type:kotlin.Int [val]
                CONST Int type=kotlin.Int value=0
              RETURN type=kotlin.Nothing from='private final fun onCreate$lambda$0$0 ($prefs: com.example.gigpilot.data.GigPrefs): androidx.compose.runtime.MutableState<kotlin.Boolean> declared in com.example.gigpilot.MainActivity.onCreate$lambda$0'
                TYPE_OP type=androidx.compose.runtime.MutableState<kotlin.Boolean> origin=IMPLICIT_CAST typeOperand=androidx.compose.runtime.MutableState<kotlin.Boolean>
                  CALL 'public final fun mutableStateOf$default <T> (value: T of androidx.compose.runtime.SnapshotStateKt.mutableStateOf$default, policy: androidx.compose.runtime.SnapshotMutationPolicy<T of androidx.compose.runtime.SnapshotStateKt.mutableStateOf$default>?, $mask0: kotlin.Int, $handler: kotlin.Any?): androidx.compose.runtime.MutableState<T of androidx.compose.runtime.SnapshotStateKt.mutableStateOf$default> declared in androidx.compose.runtime.SnapshotStateKt' type=androidx.compose.runtime.MutableState<T of androidx.compose.runtime.SnapshotStateKt.mutableStateOf$default> origin=DEFAULT_DISPATCH_CALL
                    TYPE_ARG T: kotlin.Boolean
                    ARG value: CALL 'public final fun <get-isAppDarkTheme> (): kotlin.Boolean declared in com.example.gigpilot.data.GigPrefs' type=kotlin.Boolean origin=GET_PROPERTY
                      ARG <this>: GET_VAR '$prefs: com.example.gigpilot.data.GigPrefs declared in com.example.gigpilot.MainActivity.onCreate$lambda$0.onCreate$lambda$0$0' type=com.example.gigpilot.data.GigPrefs origin=null
                    ARG policy: COMPOSITE type=androidx.compose.runtime.SnapshotMutationPolicy<T of androidx.compose.runtime.SnapshotStateKt.mutableStateOf$default>? origin=DEFAULT_VALUE
                      CONST Null type=androidx.compose.runtime.SnapshotMutationPolicy<T of androidx.compose.runtime.SnapshotStateKt.mutableStateOf$default>? value=null
                    ARG $mask0: CONST Int type=kotlin.Int value=2
                    ARG $handler: CONST Null type=kotlin.Any? value=null
    VAR name:colorScheme type:androidx.compose.material3.ColorScheme [val]
      WHEN type=androidx.compose.material3.ColorScheme origin=IF
        BRANCH
          if: CALL 'private final fun onCreate$lambda$0$1 ($isAppDark$delegate: androidx.compose.runtime.MutableState<kotlin.Boolean>): kotlin.Boolean declared in com.example.gigpilot.MainActivity' type=kotlin.Boolean origin=GET_LOCAL_PROPERTY
            ARG $isAppDark$delegate: GET_VAR 'val isAppDark$delegate: androidx.compose.runtime.MutableState<kotlin.Boolean> [val] declared in com.example.gigpilot.MainActivity.onCreate$lambda$0' type=androidx.compose.runtime.MutableState<kotlin.Boolean> origin=null
          then: CALL 'public final fun darkColorScheme-_VG5OTI$default (primary: androidx.compose.ui.graphics.Color, onPrimary: androidx.compose.ui.graphics.Color, primaryContainer: androidx.compose.ui.graphics.Color, onPrimaryContainer: androidx.compose.ui.graphics.Color, inversePrimary: androidx.compose.ui.graphics.Color, secondary: androidx.compose.ui.graphics.Color, onSecondary: androidx.compose.ui.graphics.Color, secondaryContainer: androidx.compose.ui.graphics.Color, onSecondaryContainer: androidx.compose.ui.graphics.Color, tertiary: androidx.compose.ui.graphics.Color, onTertiary: androidx.compose.ui.graphics.Color, tertiaryContainer: androidx.compose.ui.graphics.Color, onTertiaryContainer: androidx.compose.ui.graphics.Color, background: androidx.compose.ui.graphics.Color, onBackground: androidx.compose.ui.graphics.Color, surface: androidx.compose.ui.graphics.Color, onSurface: androidx.compose.ui.graphics.Color, surfaceVariant: androidx.compose.ui.graphics.Color, onSurfaceVariant: androidx.compose.ui.graphics.Color, surfaceTint: androidx.compose.ui.graphics.Color, inverseSurface: androidx.compose.ui.graphics.Color, inverseOnSurface: androidx.compose.ui.graphics.Color, error: androidx.compose.ui.graphics.Color, onError: androidx.compose.ui.graphics.Color, errorContainer: androidx.compose.ui.graphics.Color, onErrorContainer: androidx.compose.ui.graphics.Color, outline: androidx.compose.ui.graphics.Color, outlineVariant: androidx.compose.ui.graphics.Color, scrim: androidx.compose.ui.graphics.Color, surfaceBright: androidx.compose.ui.graphics.Color, surfaceContainer: androidx.compose.ui.graphics.Color, surfaceContainerHigh: androidx.compose.ui.graphics.Color, surfaceContainerHighest: androidx.compose.ui.graphics.Color, surfaceContainerLow: androidx.compose.ui.graphics.Color, surfaceContainerLowest: androidx.compose.ui.graphics.Color, surfaceDim: androidx.compose.ui.graphics.Color, primaryFixed: androidx.compose.ui.graphics.Color, primaryFixedDim: androidx.compose.ui.graphics.Color, onPrimaryFixed: androidx.compose.ui.graphics.Color, onPrimaryFixedVariant: androidx.compose.ui.graphics.Color, secondaryFixed: androidx.compose.ui.graphics.Color, secondaryFixedDim: androidx.compose.ui.graphics.Color, onSecondaryFixed: androidx.compose.ui.graphics.Color, onSecondaryFixedVariant: androidx.compose.ui.graphics.Color, tertiaryFixed: androidx.compose.ui.graphics.Color, tertiaryFixedDim: androidx.compose.ui.graphics.Color, onTertiaryFixed: androidx.compose.ui.graphics.Color, onTertiaryFixedVariant: androidx.compose.ui.graphics.Color, $mask0: kotlin.Int, $mask1: kotlin.Int, $handler: kotlin.Any?): androidx.compose.material3.ColorScheme declared in androidx.compose.material3.ColorSchemeKt' type=androidx.compose.material3.ColorScheme origin=DEFAULT_DISPATCH_CALL
            ARG primary: COMPOSITE type=androidx.compose.ui.graphics.Color origin=DEFAULT_VALUE
              CALL 'public final fun <unsafe-coerce> <T, R> (v: T of kotlin.jvm.internal.<unsafe-coerce>): R of kotlin.jvm.internal.<unsafe-coerce> declared in kotlin.jvm.internal' type=androidx.compose.ui.graphics.Color origin=null
                TYPE_ARG T: kotlin.Long
                TYPE_ARG R: androidx.compose.ui.graphics.Color
                ARG v: CONST Long type=kotlin.Long value=0
            ARG onPrimary: COMPOSITE type=androidx.compose.ui.graphics.Color origin=DEFAULT_VALUE
              CALL 'public final fun <unsafe-coerce> <T, R> (v: T of kotlin.jvm.internal.<unsafe-coerce>): R of kotlin.jvm.internal.<unsafe-coerce> declared in kotlin.jvm.internal' type=androidx.compose.ui.graphics.Color origin=null
                TYPE_ARG T: kotlin.Long
                TYPE_ARG R: androidx.compose.ui.graphics.Color
                ARG v: CONST Long type=kotlin.Long value=0
            ARG primaryContainer: COMPOSITE type=androidx.compose.ui.graphics.Color origin=DEFAULT_VALUE
              CALL 'public final fun <unsafe-coerce> <T, R> (v: T of kotlin.jvm.internal.<unsafe-coerce>): R of kotlin.jvm.internal.<unsafe-coerce> declared in kotlin.jvm.internal' type=androidx.compose.ui.graphics.Color origin=null
                TYPE_ARG T: kotlin.Long
                TYPE_ARG R: androidx.compose.ui.graphics.Color
                ARG v: CONST Long type=kotlin.Long value=0
            ARG onPrimaryContainer: COMPOSITE type=androidx.compose.ui.graphics.Color origin=DEFAULT_VALUE
              CALL 'public final fun <unsafe-coerce> <T, R> (v: T of kotlin.jvm.internal.<unsafe-coerce>): R of kotlin.jvm.internal.<unsafe-coerce> declared in kotlin.jvm.internal' type=androidx.compose.ui.graphics.Color origin=null
                TYPE_ARG T: kotlin.Long
                TYPE_ARG R: androidx.compose.ui.graphics.Color
                ARG v: CONST Long type=kotlin.Long value=0
            ARG inversePrimary: COMPOSITE type=androidx.compose.ui.graphics.Color origin=DEFAULT_VALUE
              CALL 'public final fun <unsafe-coerce> <T, R> (v: T of kotlin.jvm.internal.<unsafe-coerce>): R of kotlin.jvm.internal.<unsafe-coerce> declared in kotlin.jvm.internal' type=androidx.compose.ui.graphics.Color origin=null
                TYPE_ARG T: kotlin.Long
                TYPE_ARG R: androidx.compose.ui.graphics.Color
                ARG v: CONST Long type=kotlin.Long value=0
            ARG secondary: COMPOSITE type=androidx.compose.ui.graphics.Color origin=DEFAULT_VALUE
              CALL 'public final fun <unsafe-coerce> <T, R> (v: T of kotlin.jvm.internal.<unsafe-coerce>): R of kotlin.jvm.internal.<unsafe-coerce> declared in kotlin.jvm.internal' type=androidx.compose.ui.graphics.Color origin=null
                TYPE_ARG T: kotlin.Long
                TYPE_ARG R: androidx.compose.ui.graphics.Color
                ARG v: CONST Long type=kotlin.Long value=0
            ARG onSecondary: COMPOSITE type=androidx.compose.ui.graphics.Color origin=DEFAULT_VALUE
              CALL 'public final fun <unsafe-coerce> <T, R> (v: T of kotlin.jvm.internal.<unsafe-coerce>): R of kotlin.jvm.internal.<unsafe-coerce> declared in kotlin.jvm.internal' type=androidx.compose.ui.graphics.Color origin=null
                TYPE_ARG T: kotlin.Long
                TYPE_ARG R: androidx.compose.ui.graphics.Color
                ARG v: CONST Long type=kotlin.Long value=0
            ARG secondaryContainer: COMPOSITE type=androidx.compose.ui.graphics.Color origin=DEFAULT_VALUE
              CALL 'public final fun <unsafe-coerce> <T, R> (v: T of kotlin.jvm.internal.<unsafe-coerce>): R of kotlin.jvm.internal.<unsafe-coerce> declared in kotlin.jvm.internal' type=androidx.compose.ui.graphics.Color origin=null
                TYPE_ARG T: kotlin.Long
                TYPE_ARG R: androidx.compose.ui.graphics.Color
                ARG v: CONST Long type=kotlin.Long value=0
            ARG onSecondaryContainer: COMPOSITE type=androidx.compose.ui.graphics.Color origin=DEFAULT_VALUE
              CALL 'public final fun <unsafe-coerce> <T, R> (v: T of kotlin.jvm.internal.<unsafe-coerce>): R of kotlin.jvm.internal.<unsafe-coerce> declared in kotlin.jvm.internal' type=androidx.compose.ui.graphics.Color origin=null
                TYPE_ARG T: kotlin.Long
                TYPE_ARG R: androidx.compose.ui.graphics.Color
                ARG v: CONST Long type=kotlin.Long value=0
            ARG tertiary: COMPOSITE type=androidx.compose.ui.graphics.Color origin=DEFAULT_VALUE
              CALL 'public final fun <unsafe-coerce> <T, R> (v: T of kotlin.jvm.internal.<unsafe-coerce>): R of kotlin.jvm.internal.<unsafe-coerce> declared in kotlin.jvm.internal' type=androidx.compose.ui.graphics.Color origin=null
                TYPE_ARG T: kotlin.Long
                TYPE_ARG R: androidx.compose.ui.graphics.Color
                ARG v: CONST Long type=kotlin.Long value=0
            ARG onTertiary: COMPOSITE type=androidx.compose.ui.graphics.Color origin=DEFAULT_VALUE
              CALL 'public final fun <unsafe-coerce> <T, R> (v: T of kotlin.jvm.internal.<unsafe-coerce>): R of kotlin.jvm.internal.<unsafe-coerce> declared in kotlin.jvm.internal' type=androidx.compose.ui.graphics.Color origin=null
                TYPE_ARG T: kotlin.Long
                TYPE_ARG R: androidx.compose.ui.graphics.Color
                ARG v: CONST Long type=kotlin.Long value=0
            ARG tertiaryContainer: COMPOSITE type=androidx.compose.ui.graphics.Color origin=DEFAULT_VALUE
              CALL 'public final fun <unsafe-coerce> <T, R> (v: T of kotlin.jvm.internal.<unsafe-coerce>): R of kotlin.jvm.internal.<unsafe-coerce> declared in kotlin.jvm.internal' type=androidx.compose.ui.graphics.Color origin=null
                TYPE_ARG T: kotlin.Long
                TYPE_ARG R: androidx.compose.ui.graphics.Color
                ARG v: CONST Long type=kotlin.Long value=0
            ARG onTertiaryContainer: COMPOSITE type=androidx.compose.ui.graphics.Color origin=DEFAULT_VALUE
              CALL 'public final fun <unsafe-coerce> <T, R> (v: T of kotlin.jvm.internal.<unsafe-coerce>): R of kotlin.jvm.internal.<unsafe-coerce> declared in kotlin.jvm.internal' type=androidx.compose.ui.graphics.Color origin=null
                TYPE_ARG T: kotlin.Long
                TYPE_ARG R: androidx.compose.ui.graphics.Color
                ARG v: CONST Long type=kotlin.Long value=0
            ARG background: COMPOSITE type=androidx.compose.ui.graphics.Color origin=DEFAULT_VALUE
              CALL 'public final fun <unsafe-coerce> <T, R> (v: T of kotlin.jvm.internal.<unsafe-coerce>): R of kotlin.jvm.internal.<unsafe-coerce> declared in kotlin.jvm.internal' type=androidx.compose.ui.graphics.Color origin=null
                TYPE_ARG T: kotlin.Long
                TYPE_ARG R: androidx.compose.ui.graphics.Color
                ARG v: CONST Long type=kotlin.Long value=0
            ARG onBackground: COMPOSITE type=androidx.compose.ui.graphics.Color origin=DEFAULT_VALUE
              CALL 'public final fun <unsafe-coerce> <T, R> (v: T of kotlin.jvm.internal.<unsafe-coerce>): R of kotlin.jvm.internal.<unsafe-coerce> declared in kotlin.jvm.internal' type=androidx.compose.ui.graphics.Color origin=null
                TYPE_ARG T: kotlin.Long
                TYPE_ARG R: androidx.compose.ui.graphics.Color
                ARG v: CONST Long type=kotlin.Long value=0
            ARG surface: COMPOSITE type=androidx.compose.ui.graphics.Color origin=DEFAULT_VALUE
              CALL 'public final fun <unsafe-coerce> <T, R> (v: T of kotlin.jvm.internal.<unsafe-coerce>): R of kotlin.jvm.internal.<unsafe-coerce> declared in kotlin.jvm.internal' type=androidx.compose.ui.graphics.Color origin=null
                TYPE_ARG T: kotlin.Long
                TYPE_ARG R: androidx.compose.ui.graphics.Color
                ARG v: CONST Long type=kotlin.Long value=0
            ARG onSurface: COMPOSITE type=androidx.compose.ui.graphics.Color origin=DEFAULT_VALUE
              CALL 'public final fun <unsafe-coerce> <T, R> (v: T of kotlin.jvm.internal.<unsafe-coerce>): R of kotlin.jvm.internal.<unsafe-coerce> declared in kotlin.jvm.internal' type=androidx.compose.ui.graphics.Color origin=null
                TYPE_ARG T: kotlin.Long
                TYPE_ARG R: androidx.compose.ui.graphics.Color
                ARG v: CONST Long type=kotlin.Long value=0
            ARG surfaceVariant: COMPOSITE type=androidx.compose.ui.graphics.Color origin=DEFAULT_VALUE
              CALL 'public final fun <unsafe-coerce> <T, R> (v: T of kotlin.jvm.internal.<unsafe-coerce>): R of kotlin.jvm.internal.<unsafe-coerce> declared in kotlin.jvm.internal' type=androidx.compose.ui.graphics.Color origin=null
                TYPE_ARG T: kotlin.Long
                TYPE_ARG R: androidx.compose.ui.graphics.Color
                ARG v: CONST Long type=kotlin.Long value=0
            ARG onSurfaceVariant: COMPOSITE type=androidx.compose.ui.graphics.Color origin=DEFAULT_VALUE
              CALL 'public final fun <unsafe-coerce> <T, R> (v: T of kotlin.jvm.internal.<unsafe-coerce>): R of kotlin.jvm.internal.<unsafe-coerce> declared in kotlin.jvm.internal' type=androidx.compose.ui.graphics.Color origin=null
                TYPE_ARG T: kotlin.Long
                TYPE_ARG R: androidx.compose.ui.graphics.Color
                ARG v: CONST Long type=kotlin.Long value=0
            ARG surfaceTint: COMPOSITE type=androidx.compose.ui.graphics.Color origin=DEFAULT_VALUE
              CALL 'public final fun <unsafe-coerce> <T, R> (v: T of kotlin.jvm.internal.<unsafe-coerce>): R of kotlin.jvm.internal.<unsafe-coerce> declared in kotlin.jvm.internal' type=androidx.compose.ui.graphics.Color origin=null
                TYPE_ARG T: kotlin.Long
                TYPE_ARG R: androidx.compose.ui.graphics.Color
                ARG v: CONST Long type=kotlin.Long value=0
            ARG inverseSurface: COMPOSITE type=androidx.compose.ui.graphics.Color origin=DEFAULT_VALUE
              CALL 'public final fun <unsafe-coerce> <T, R> (v: T of kotlin.jvm.internal.<unsafe-coerce>): R of kotlin.jvm.internal.<unsafe-coerce> declared in kotlin.jvm.internal' type=androidx.compose.ui.graphics.Color origin=null
                TYPE_ARG T: kotlin.Long
                TYPE_ARG R: androidx.compose.ui.graphics.Color
                ARG v: CONST Long type=kotlin.Long value=0
            ARG inverseOnSurface: COMPOSITE type=androidx.compose.ui.graphics.Color origin=DEFAULT_VALUE
              CALL 'public final fun <unsafe-coerce> <T, R> (v: T of kotlin.jvm.internal.<unsafe-coerce>): R of kotlin.jvm.internal.<unsafe-coerce> declared in kotlin.jvm.internal' type=androidx.compose.ui.graphics.Color origin=null
                TYPE_ARG T: kotlin.Long
                TYPE_ARG R: androidx.compose.ui.graphics.Color
                ARG v: CONST Long type=kotlin.Long value=0
            ARG error: COMPOSITE type=androidx.compose.ui.graphics.Color origin=DEFAULT_VALUE
              CALL 'public final fun <unsafe-coerce> <T, R> (v: T of kotlin.jvm.internal.<unsafe-coerce>): R of kotlin.jvm.internal.<unsafe-coerce> declared in kotlin.jvm.internal' type=androidx.compose.ui.graphics.Color origin=null
                TYPE_ARG T: kotlin.Long
                TYPE_ARG R: androidx.compose.ui.graphics.Color
                ARG v: CONST Long type=kotlin.Long value=0
            ARG onError: COMPOSITE type=androidx.compose.ui.graphics.Color origin=DEFAULT_VALUE
              CALL 'public final fun <unsafe-coerce> <T, R> (v: T of kotlin.jvm.internal.<unsafe-coerce>): R of kotlin.jvm.internal.<unsafe-coerce> declared in kotlin.jvm.internal' type=androidx.compose.ui.graphics.Color origin=null
                TYPE_ARG T: kotlin.Long
                TYPE_ARG R: androidx.compose.ui.graphics.Color
                ARG v: CONST Long type=kotlin.Long value=0
            ARG errorContainer: COMPOSITE type=androidx.compose.ui.graphics.Color origin=DEFAULT_VALUE
              CALL 'public final fun <unsafe-coerce> <T, R> (v: T of kotlin.jvm.internal.<unsafe-coerce>): R of kotlin.jvm.internal.<unsafe-coerce> declared in kotlin.jvm.internal' type=androidx.compose.ui.graphics.Color origin=null
                TYPE_ARG T: kotlin.Long
                TYPE_ARG R: androidx.compose.ui.graphics.Color
                ARG v: CONST Long type=kotlin.Long value=0
            ARG onErrorContainer: COMPOSITE type=androidx.compose.ui.graphics.Color origin=DEFAULT_VALUE
              CALL 'public final fun <unsafe-coerce> <T, R> (v: T of kotlin.jvm.internal.<unsafe-coerce>): R of kotlin.jvm.internal.<unsafe-coerce> declared in kotlin.jvm.internal' type=androidx.compose.ui.graphics.Color origin=null
                TYPE_ARG T: kotlin.Long
                TYPE_ARG R: androidx.compose.ui.graphics.Color
                ARG v: CONST Long type=kotlin.Long value=0
            ARG outline: COMPOSITE type=androidx.compose.ui.graphics.Color origin=DEFAULT_VALUE
              CALL 'public final fun <unsafe-coerce> <T, R> (v: T of kotlin.jvm.internal.<unsafe-coerce>): R of kotlin.jvm.internal.<unsafe-coerce> declared in kotlin.jvm.internal' type=androidx.compose.ui.graphics.Color origin=null
                TYPE_ARG T: kotlin.Long
                TYPE_ARG R: androidx.compose.ui.graphics.Color
                ARG v: CONST Long type=kotlin.Long value=0
            ARG outlineVariant: COMPOSITE type=androidx.compose.ui.graphics.Color origin=DEFAULT_VALUE
              CALL 'public final fun <unsafe-coerce> <T, R> (v: T of kotlin.jvm.internal.<unsafe-coerce>): R of kotlin.jvm.internal.<unsafe-coerce> declared in kotlin.jvm.internal' type=androidx.compose.ui.graphics.Color origin=null
                TYPE_ARG T: kotlin.Long
                TYPE_ARG R: androidx.compose.ui.graphics.Color
                ARG v: CONST Long type=kotlin.Long value=0
            ARG scrim: COMPOSITE type=androidx.compose.ui.graphics.Color origin=DEFAULT_VALUE
              CALL 'public final fun <unsafe-coerce> <T, R> (v: T of kotlin.jvm.internal.<unsafe-coerce>): R of kotlin.jvm.internal.<unsafe-coerce> declared in kotlin.jvm.internal' type=androidx.compose.ui.graphics.Color origin=null
                TYPE_ARG T: kotlin.Long
                TYPE_ARG R: androidx.compose.ui.graphics.Color
                ARG v: CONST Long type=kotlin.Long value=0
            ARG surfaceBright: COMPOSITE type=androidx.compose.ui.graphics.Color origin=DEFAULT_VALUE
              CALL 'public final fun <unsafe-coerce> <T, R> (v: T of kotlin.jvm.internal.<unsafe-coerce>): R of kotlin.jvm.internal.<unsafe-coerce> declared in kotlin.jvm.internal' type=androidx.compose.ui.graphics.Color origin=null
                TYPE_ARG T: kotlin.Long
                TYPE_ARG R: androidx.compose.ui.graphics.Color
                ARG v: CONST Long type=kotlin.Long value=0
            ARG surfaceContainer: COMPOSITE type=androidx.compose.ui.graphics.Color origin=DEFAULT_VALUE
              CALL 'public final fun <unsafe-coerce> <T, R> (v: T of kotlin.jvm.internal.<unsafe-coerce>): R of kotlin.jvm.internal.<unsafe-coerce> declared in kotlin.jvm.internal' type=androidx.compose.ui.graphics.Color origin=null
                TYPE_ARG T: kotlin.Long
                TYPE_ARG R: androidx.compose.ui.graphics.Color
                ARG v: CONST Long type=kotlin.Long value=0
            ARG surfaceContainerHigh: COMPOSITE type=androidx.compose.ui.graphics.Color origin=DEFAULT_VALUE
              CALL 'public final fun <unsafe-coerce> <T, R> (v: T of kotlin.jvm.internal.<unsafe-coerce>): R of kotlin.jvm.internal.<unsafe-coerce> declared in kotlin.jvm.internal' type=androidx.compose.ui.graphics.Color origin=null
                TYPE_ARG T: kotlin.Long
                TYPE_ARG R: androidx.compose.ui.graphics.Color
                ARG v: CONST Long type=kotlin.Long value=0
            ARG surfaceContainerHighest: COMPOSITE type=androidx.compose.ui.graphics.Color origin=DEFAULT_VALUE
              CALL 'public final fun <unsafe-coerce> <T, R> (v: T of kotlin.jvm.internal.<unsafe-coerce>): R of kotlin.jvm.internal.<unsafe-coerce> declared in kotlin.jvm.internal' type=androidx.compose.ui.graphics.Color origin=null
                TYPE_ARG T: kotlin.Long
                TYPE_ARG R: androidx.compose.ui.graphics.Color
                ARG v: CONST Long type=kotlin.Long value=0
            ARG surfaceContainerLow: COMPOSITE type=androidx.compose.ui.graphics.Color origin=DEFAULT_VALUE
              CALL 'public final fun <unsafe-coerce> <T, R> (v: T of kotlin.jvm.internal.<unsafe-coerce>): R of kotlin.jvm.internal.<unsafe-coerce> declared in kotlin.jvm.internal' type=androidx.compose.ui.graphics.Color origin=null
                TYPE_ARG T: kotlin.Long
                TYPE_ARG R: androidx.compose.ui.graphics.Color
                ARG v: CONST Long type=kotlin.Long value=0
            ARG surfaceContainerLowest: COMPOSITE type=androidx.compose.ui.graphics.Color origin=DEFAULT_VALUE
              CALL 'public final fun <unsafe-coerce> <T, R> (v: T of kotlin.jvm.internal.<unsafe-coerce>): R of kotlin.jvm.internal.<unsafe-coerce> declared in kotlin.jvm.internal' type=androidx.compose.ui.graphics.Color origin=null
                TYPE_ARG T: kotlin.Long
                TYPE_ARG R: androidx.compose.ui.graphics.Color
                ARG v: CONST Long type=kotlin.Long value=0
            ARG surfaceDim: COMPOSITE type=androidx.compose.ui.graphics.Color origin=DEFAULT_VALUE
              CALL 'public final fun <unsafe-coerce> <T, R> (v: T of kotlin.jvm.internal.<unsafe-coerce>): R of kotlin.jvm.internal.<unsafe-coerce> declared in kotlin.jvm.internal' type=androidx.compose.ui.graphics.Color origin=null
                TYPE_ARG T: kotlin.Long
                TYPE_ARG R: androidx.compose.ui.graphics.Color
                ARG v: CONST Long type=kotlin.Long value=0
            ARG primaryFixed: COMPOSITE type=androidx.compose.ui.graphics.Color origin=DEFAULT_VALUE
              CALL 'public final fun <unsafe-coerce> <T, R> (v: T of kotlin.jvm.internal.<unsafe-coerce>): R of kotlin.jvm.internal.<unsafe-coerce> declared in kotlin.jvm.internal' type=androidx.compose.ui.graphics.Color origin=null
                TYPE_ARG T: kotlin.Long
                TYPE_ARG R: androidx.compose.ui.graphics.Color
                ARG v: CONST Long type=kotlin.Long value=0
            ARG primaryFixedDim: COMPOSITE type=androidx.compose.ui.graphics.Color origin=DEFAULT_VALUE
              CALL 'public final fun <unsafe-coerce> <T, R> (v: T of kotlin.jvm.internal.<unsafe-coerce>): R of kotlin.jvm.internal.<unsafe-coerce> declared in kotlin.jvm.internal' type=androidx.compose.ui.graphics.Color origin=null
                TYPE_ARG T: kotlin.Long
                TYPE_ARG R: androidx.compose.ui.graphics.Color
                ARG v: CONST Long type=kotlin.Long value=0
            ARG onPrimaryFixed: COMPOSITE type=androidx.compose.ui.graphics.Color origin=DEFAULT_VALUE
              CALL 'public final fun <unsafe-coerce> <T, R> (v: T of kotlin.jvm.internal.<unsafe-coerce>): R of kotlin.jvm.internal.<unsafe-coerce> declared in kotlin.jvm.internal' type=androidx.compose.ui.graphics.Color origin=null
                TYPE_ARG T: kotlin.Long
                TYPE_ARG R: androidx.compose.ui.graphics.Color
                ARG v: CONST Long type=kotlin.Long value=0
            ARG onPrimaryFixedVariant: COMPOSITE type=androidx.compose.ui.graphics.Color origin=DEFAULT_VALUE
              CALL 'public final fun <unsafe-coerce> <T, R> (v: T of kotlin.jvm.internal.<unsafe-coerce>): R of kotlin.jvm.internal.<unsafe-coerce> declared in kotlin.jvm.internal' type=androidx.compose.ui.graphics.Color origin=null
                TYPE_ARG T: kotlin.Long
                TYPE_ARG R: androidx.compose.ui.graphics.Color
                ARG v: CONST Long type=kotlin.Long value=0
            ARG secondaryFixed: COMPOSITE type=androidx.compose.ui.graphics.Color origin=DEFAULT_VALUE
              CALL 'public final fun <unsafe-coerce> <T, R> (v: T of kotlin.jvm.internal.<unsafe-coerce>): R of kotlin.jvm.internal.<unsafe-coerce> declared in kotlin.jvm.internal' type=androidx.compose.ui.graphics.Color origin=null
                TYPE_ARG T: kotlin.Long
                TYPE_ARG R: androidx.compose.ui.graphics.Color
                ARG v: CONST Long type=kotlin.Long value=0
            ARG secondaryFixedDim: COMPOSITE type=androidx.compose.ui.graphics.Color origin=DEFAULT_VALUE
              CALL 'public final fun <unsafe-coerce> <T, R> (v: T of kotlin.jvm.internal.<unsafe-coerce>): R of kotlin.jvm.internal.<unsafe-coerce> declared in kotlin.jvm.internal' type=androidx.compose.ui.graphics.Color origin=null
                TYPE_ARG T: kotlin.Long
                TYPE_ARG R: androidx.compose.ui.graphics.Color
                ARG v: CONST Long type=kotlin.Long value=0
            ARG onSecondaryFixed: COMPOSITE type=androidx.compose.ui.graphics.Color origin=DEFAULT_VALUE
              CALL 'public final fun <unsafe-coerce> <T, R> (v: T of kotlin.jvm.internal.<unsafe-coerce>): R of kotlin.jvm.internal.<unsafe-coerce> declared in kotlin.jvm.internal' type=androidx.compose.ui.graphics.Color origin=null
                TYPE_ARG T: kotlin.Long
                TYPE_ARG R: androidx.compose.ui.graphics.Color
                ARG v: CONST Long type=kotlin.Long value=0
            ARG onSecondaryFixedVariant: COMPOSITE type=androidx.compose.ui.graphics.Color origin=DEFAULT_VALUE
              CALL 'public final fun <unsafe-coerce> <T, R> (v: T of kotlin.jvm.internal.<unsafe-coerce>): R of kotlin.jvm.internal.<unsafe-coerce> declared in kotlin.jvm.internal' type=androidx.compose.ui.graphics.Color origin=null
                TYPE_ARG T: kotlin.Long
                TYPE_ARG R: androidx.compose.ui.graphics.Color
                ARG v: CONST Long type=kotlin.Long value=0
            ARG tertiaryFixed: COMPOSITE type=androidx.compose.ui.graphics.Color origin=DEFAULT_VALUE
              CALL 'public final fun <unsafe-coerce> <T, R> (v: T of kotlin.jvm.internal.<unsafe-coerce>): R of kotlin.jvm.internal.<unsafe-coerce> declared in kotlin.jvm.internal' type=androidx.compose.ui.graphics.Color origin=null
                TYPE_ARG T: kotlin.Long
                TYPE_ARG R: androidx.compose.ui.graphics.Color
                ARG v: CONST Long type=kotlin.Long value=0
            ARG tertiaryFixedDim: COMPOSITE type=androidx.compose.ui.graphics.Color origin=DEFAULT_VALUE
              CALL 'public final fun <unsafe-coerce> <T, R> (v: T of kotlin.jvm.internal.<unsafe-coerce>): R of kotlin.jvm.internal.<unsafe-coerce> declared in kotlin.jvm.internal' type=androidx.compose.ui.graphics.Color origin=null
                TYPE_ARG T: kotlin.Long
                TYPE_ARG R: androidx.compose.ui.graphics.Color
                ARG v: CONST Long type=kotlin.Long value=0
            ARG onTertiaryFixed: COMPOSITE type=androidx.compose.ui.graphics.Color origin=DEFAULT_VALUE
              CALL 'public final fun <unsafe-coerce> <T, R> (v: T of kotlin.jvm.internal.<unsafe-coerce>): R of kotlin.jvm.internal.<unsafe-coerce> declared in kotlin.jvm.internal' type=androidx.compose.ui.graphics.Color origin=null
                TYPE_ARG T: kotlin.Long
                TYPE_ARG R: androidx.compose.ui.graphics.Color
                ARG v: CONST Long type=kotlin.Long value=0
            ARG onTertiaryFixedVariant: COMPOSITE type=androidx.compose.ui.graphics.Color origin=DEFAULT_VALUE
              CALL 'public final fun <unsafe-coerce> <T, R> (v: T of kotlin.jvm.internal.<unsafe-coerce>): R of kotlin.jvm.internal.<unsafe-coerce> declared in kotlin.jvm.internal' type=androidx.compose.ui.graphics.Color origin=null
                TYPE_ARG T: kotlin.Long
                TYPE_ARG R: androidx.compose.ui.graphics.Color
                ARG v: CONST Long type=kotlin.Long value=0
            ARG $mask0: CONST Int type=kotlin.Int value=-1
            ARG $mask1: CONST Int type=kotlin.Int value=65535
            ARG $handler: CONST Null type=kotlin.Any? value=null
        BRANCH
          if: CONST Boolean type=kotlin.Boolean value=true
          then: CALL 'public final fun lightColorScheme-_VG5OTI$default (primary: androidx.compose.ui.graphics.Color, onPrimary: androidx.compose.ui.graphics.Color, primaryContainer: androidx.compose.ui.graphics.Color, onPrimaryContainer: androidx.compose.ui.graphics.Color, inversePrimary: androidx.compose.ui.graphics.Color, secondary: androidx.compose.ui.graphics.Color, onSecondary: androidx.compose.ui.graphics.Color, secondaryContainer: androidx.compose.ui.graphics.Color, onSecondaryContainer: androidx.compose.ui.graphics.Color, tertiary: androidx.compose.ui.graphics.Color, onTertiary: androidx.compose.ui.graphics.Color, tertiaryContainer: androidx.compose.ui.graphics.Color, onTertiaryContainer: androidx.compose.ui.graphics.Color, background: androidx.compose.ui.graphics.Color, onBackground: androidx.compose.ui.graphics.Color, surface: androidx.compose.ui.graphics.Color, onSurface: androidx.compose.ui.graphics.Color, surfaceVariant: androidx.compose.ui.graphics.Color, onSurfaceVariant: androidx.compose.ui.graphics.Color, surfaceTint: androidx.compose.ui.graphics.Color, inverseSurface: androidx.compose.ui.graphics.Color, inverseOnSurface: androidx.compose.ui.graphics.Color, error: androidx.compose.ui.graphics.Color, onError: androidx.compose.ui.graphics.Color, errorContainer: androidx.compose.ui.graphics.Color, onErrorContainer: androidx.compose.ui.graphics.Color, outline: androidx.compose.ui.graphics.Color, outlineVariant: androidx.compose.ui.graphics.Color, scrim: androidx.compose.ui.graphics.Color, surfaceBright: androidx.compose.ui.graphics.Color, surfaceContainer: androidx.compose.ui.graphics.Color, surfaceContainerHigh: androidx.compose.ui.graphics.Color, surfaceContainerHighest: androidx.compose.ui.graphics.Color, surfaceContainerLow: androidx.compose.ui.graphics.Color, surfaceContainerLowest: androidx.compose.ui.graphics.Color, surfaceDim: androidx.compose.ui.graphics.Color, primaryFixed: androidx.compose.ui.graphics.Color, primaryFixedDim: androidx.compose.ui.graphics.Color, onPrimaryFixed: androidx.compose.ui.graphics.Color, onPrimaryFixedVariant: androidx.compose.ui.graphics.Color, secondaryFixed: androidx.compose.ui.graphics.Color, secondaryFixedDim: androidx.compose.ui.graphics.Color, onSecondaryFixed: androidx.compose.ui.graphics.Color, onSecondaryFixedVariant: androidx.compose.ui.graphics.Color, tertiaryFixed: androidx.compose.ui.graphics.Color, tertiaryFixedDim: androidx.compose.ui.graphics.Color, onTertiaryFixed: androidx.compose.ui.graphics.Color, onTertiaryFixedVariant: androidx.compose.ui.graphics.Color, $mask0: kotlin.Int, $mask1: kotlin.Int, $handler: kotlin.Any?): androidx.compose.material3.ColorScheme declared in androidx.compose.material3.ColorSchemeKt' type=androidx.compose.material3.ColorScheme origin=DEFAULT_DISPATCH_CALL
            ARG primary: COMPOSITE type=androidx.compose.ui.graphics.Color origin=DEFAULT_VALUE
              CALL 'public final fun <unsafe-coerce> <T, R> (v: T of kotlin.jvm.internal.<unsafe-coerce>): R of kotlin.jvm.internal.<unsafe-coerce> declared in kotlin.jvm.internal' type=androidx.compose.ui.graphics.Color origin=null
                TYPE_ARG T: kotlin.Long
                TYPE_ARG R: androidx.compose.ui.graphics.Color
                ARG v: CONST Long type=kotlin.Long value=0
            ARG onPrimary: COMPOSITE type=androidx.compose.ui.graphics.Color origin=DEFAULT_VALUE
              CALL 'public final fun <unsafe-coerce> <T, R> (v: T of kotlin.jvm.internal.<unsafe-coerce>): R of kotlin.jvm.internal.<unsafe-coerce> declared in kotlin.jvm.internal' type=androidx.compose.ui.graphics.Color origin=null
                TYPE_ARG T: kotlin.Long
                TYPE_ARG R: androidx.compose.ui.graphics.Color
                ARG v: CONST Long type=kotlin.Long value=0
            ARG primaryContainer: COMPOSITE type=androidx.compose.ui.graphics.Color origin=DEFAULT_VALUE
              CALL 'public final fun <unsafe-coerce> <T, R> (v: T of kotlin.jvm.internal.<unsafe-coerce>): R of kotlin.jvm.internal.<unsafe-coerce> declared in kotlin.jvm.internal' type=androidx.compose.ui.graphics.Color origin=null
                TYPE_ARG T: kotlin.Long
                TYPE_ARG R: androidx.compose.ui.graphics.Color
                ARG v: CONST Long type=kotlin.Long value=0
            ARG onPrimaryContainer: COMPOSITE type=androidx.compose.ui.graphics.Color origin=DEFAULT_VALUE
              CALL 'public final fun <unsafe-coerce> <T, R> (v: T of kotlin.jvm.internal.<unsafe-coerce>): R of kotlin.jvm.internal.<unsafe-coerce> declared in kotlin.jvm.internal' type=androidx.compose.ui.graphics.Color origin=null
                TYPE_ARG T: kotlin.Long
                TYPE_ARG R: androidx.compose.ui.graphics.Color
                ARG v: CONST Long type=kotlin.Long value=0
            ARG inversePrimary: COMPOSITE type=androidx.compose.ui.graphics.Color origin=DEFAULT_VALUE
              CALL 'public final fun <unsafe-coerce> <T, R> (v: T of kotlin.jvm.internal.<unsafe-coerce>): R of kotlin.jvm.internal.<unsafe-coerce> declared in kotlin.jvm.internal' type=androidx.compose.ui.graphics.Color origin=null
                TYPE_ARG T: kotlin.Long
                TYPE_ARG R: androidx.compose.ui.graphics.Color
                ARG v: CONST Long type=kotlin.Long value=0
            ARG secondary: COMPOSITE type=androidx.compose.ui.graphics.Color origin=DEFAULT_VALUE
              CALL 'public final fun <unsafe-coerce> <T, R> (v: T of kotlin.jvm.internal.<unsafe-coerce>): R of kotlin.jvm.internal.<unsafe-coerce> declared in kotlin.jvm.internal' type=androidx.compose.ui.graphics.Color origin=null
                TYPE_ARG T: kotlin.Long
                TYPE_ARG R: androidx.compose.ui.graphics.Color
                ARG v: CONST Long type=kotlin.Long value=0
            ARG onSecondary: COMPOSITE type=androidx.compose.ui.graphics.Color origin=DEFAULT_VALUE
              CALL 'public final fun <unsafe-coerce> <T, R> (v: T of kotlin.jvm.internal.<unsafe-coerce>): R of kotlin.jvm.internal.<unsafe-coerce> declared in kotlin.jvm.internal' type=androidx.compose.ui.graphics.Color origin=null
                TYPE_ARG T: kotlin.Long
                TYPE_ARG R: androidx.compose.ui.graphics.Color
                ARG v: CONST Long type=kotlin.Long value=0
            ARG secondaryContainer: COMPOSITE type=androidx.compose.ui.graphics.Color origin=DEFAULT_VALUE
              CALL 'public final fun <unsafe-coerce> <T, R> (v: T of kotlin.jvm.internal.<unsafe-coerce>): R of kotlin.jvm.internal.<unsafe-coerce> declared in kotlin.jvm.internal' type=androidx.compose.ui.graphics.Color origin=null
                TYPE_ARG T: kotlin.Long
                TYPE_ARG R: androidx.compose.ui.graphics.Color
                ARG v: CONST Long type=kotlin.Long value=0
            ARG onSecondaryContainer: COMPOSITE type=androidx.compose.ui.graphics.Color origin=DEFAULT_VALUE
              CALL 'public final fun <unsafe-coerce> <T, R> (v: T of kotlin.jvm.internal.<unsafe-coerce>): R of kotlin.jvm.internal.<unsafe-coerce> declared in kotlin.jvm.internal' type=androidx.compose.ui.graphics.Color origin=null
                TYPE_ARG T: kotlin.Long
                TYPE_ARG R: androidx.compose.ui.graphics.Color
                ARG v: CONST Long type=kotlin.Long value=0
            ARG tertiary: COMPOSITE type=androidx.compose.ui.graphics.Color origin=DEFAULT_VALUE
              CALL 'public final fun <unsafe-coerce> <T, R> (v: T of kotlin.jvm.internal.<unsafe-coerce>): R of kotlin.jvm.internal.<unsafe-coerce> declared in kotlin.jvm.internal' type=androidx.compose.ui.graphics.Color origin=null
                TYPE_ARG T: kotlin.Long
                TYPE_ARG R: androidx.compose.ui.graphics.Color
                ARG v: CONST Long type=kotlin.Long value=0
            ARG onTertiary: COMPOSITE type=androidx.compose.ui.graphics.Color origin=DEFAULT_VALUE
              CALL 'public final fun <unsafe-coerce> <T, R> (v: T of kotlin.jvm.internal.<unsafe-coerce>): R of kotlin.jvm.internal.<unsafe-coerce> declared in kotlin.jvm.internal' type=androidx.compose.ui.graphics.Color origin=null
                TYPE_ARG T: kotlin.Long
                TYPE_ARG R: androidx.compose.ui.graphics.Color
                ARG v: CONST Long type=kotlin.Long value=0
            ARG tertiaryContainer: COMPOSITE type=androidx.compose.ui.graphics.Color origin=DEFAULT_VALUE
              CALL 'public final fun <unsafe-coerce> <T, R> (v: T of kotlin.jvm.internal.<unsafe-coerce>): R of kotlin.jvm.internal.<unsafe-coerce> declared in kotlin.jvm.internal' type=androidx.compose.ui.graphics.Color origin=null
                TYPE_ARG T: kotlin.Long
                TYPE_ARG R: androidx.compose.ui.graphics.Color
                ARG v: CONST Long type=kotlin.Long value=0
            ARG onTertiaryContainer: COMPOSITE type=androidx.compose.ui.graphics.Color origin=DEFAULT_VALUE
              CALL 'public final fun <unsafe-coerce> <T, R> (v: T of kotlin.jvm.internal.<unsafe-coerce>): R of kotlin.jvm.internal.<unsafe-coerce> declared in kotlin.jvm.internal' type=androidx.compose.ui.graphics.Color origin=null
                TYPE_ARG T: kotlin.Long
                TYPE_ARG R: androidx.compose.ui.graphics.Color
                ARG v: CONST Long type=kotlin.Long value=0
            ARG background: COMPOSITE type=androidx.compose.ui.graphics.Color origin=DEFAULT_VALUE
              CALL 'public final fun <unsafe-coerce> <T, R> (v: T of kotlin.jvm.internal.<unsafe-coerce>): R of kotlin.jvm.internal.<unsafe-coerce> declared in kotlin.jvm.internal' type=androidx.compose.ui.graphics.Color origin=null
                TYPE_ARG T: kotlin.Long
                TYPE_ARG R: androidx.compose.ui.graphics.Color
                ARG v: CONST Long type=kotlin.Long value=0
            ARG onBackground: COMPOSITE type=androidx.compose.ui.graphics.Color origin=DEFAULT_VALUE
              CALL 'public final fun <unsafe-coerce> <T, R> (v: T of kotlin.jvm.internal.<unsafe-coerce>): R of kotlin.jvm.internal.<unsafe-coerce> declared in kotlin.jvm.internal' type=androidx.compose.ui.graphics.Color origin=null
                TYPE_ARG T: kotlin.Long
                TYPE_ARG R: androidx.compose.ui.graphics.Color
                ARG v: CONST Long type=kotlin.Long value=0
            ARG surface: COMPOSITE type=androidx.compose.ui.graphics.Color origin=DEFAULT_VALUE
              CALL 'public final fun <unsafe-coerce> <T, R> (v: T of kotlin.jvm.internal.<unsafe-coerce>): R of kotlin.jvm.internal.<unsafe-coerce> declared in kotlin.jvm.internal' type=androidx.compose.ui.graphics.Color origin=null
                TYPE_ARG T: kotlin.Long
                TYPE_ARG R: androidx.compose.ui.graphics.Color
                ARG v: CONST Long type=kotlin.Long value=0
            ARG onSurface: COMPOSITE type=androidx.compose.ui.graphics.Color origin=DEFAULT_VALUE
              CALL 'public final fun <unsafe-coerce> <T, R> (v: T of kotlin.jvm.internal.<unsafe-coerce>): R of kotlin.jvm.internal.<unsafe-coerce> declared in kotlin.jvm.internal' type=androidx.compose.ui.graphics.Color origin=null
                TYPE_ARG T: kotlin.Long
                TYPE_ARG R: androidx.compose.ui.graphics.Color
                ARG v: CONST Long type=kotlin.Long value=0
            ARG surfaceVariant: COMPOSITE type=androidx.compose.ui.graphics.Color origin=DEFAULT_VALUE
              CALL 'public final fun <unsafe-coerce> <T, R> (v: T of kotlin.jvm.internal.<unsafe-coerce>): R of kotlin.jvm.internal.<unsafe-coerce> declared in kotlin.jvm.internal' type=androidx.compose.ui.graphics.Color origin=null
                TYPE_ARG T: kotlin.Long
                TYPE_ARG R: androidx.compose.ui.graphics.Color
                ARG v: CONST Long type=kotlin.Long value=0
            ARG onSurfaceVariant: COMPOSITE type=androidx.compose.ui.graphics.Color origin=DEFAULT_VALUE
              CALL 'public final fun <unsafe-coerce> <T, R> (v: T of kotlin.jvm.internal.<unsafe-coerce>): R of kotlin.jvm.internal.<unsafe-coerce> declared in kotlin.jvm.internal' type=androidx.compose.ui.graphics.Color origin=null
                TYPE_ARG T: kotlin.Long
                TYPE_ARG R: androidx.compose.ui.graphics.Color
                ARG v: CONST Long type=kotlin.Long value=0
            ARG surfaceTint: COMPOSITE type=androidx.compose.ui.graphics.Color origin=DEFAULT_VALUE
              CALL 'public final fun <unsafe-coerce> <T, R> (v: T of kotlin.jvm.internal.<unsafe-coerce>): R of kotlin.jvm.internal.<unsafe-coerce> declared in kotlin.jvm.internal' type=androidx.compose.ui.graphics.Color origin=null
                TYPE_ARG T: kotlin.Long
                TYPE_ARG R: androidx.compose.ui.graphics.Color
                ARG v: CONST Long type=kotlin.Long value=0
            ARG inverseSurface: COMPOSITE type=androidx.compose.ui.graphics.Color origin=DEFAULT_VALUE
              CALL 'public final fun <unsafe-coerce> <T, R> (v: T of kotlin.jvm.internal.<unsafe-coerce>): R of kotlin.jvm.internal.<unsafe-coerce> declared in kotlin.jvm.internal' type=androidx.compose.ui.graphics.Color origin=null
                TYPE_ARG T: kotlin.Long
                TYPE_ARG R: androidx.compose.ui.graphics.Color
                ARG v: CONST Long type=kotlin.Long value=0
            ARG inverseOnSurface: COMPOSITE type=androidx.compose.ui.graphics.Color origin=DEFAULT_VALUE
              CALL 'public final fun <unsafe-coerce> <T, R> (v: T of kotlin.jvm.internal.<unsafe-coerce>): R of kotlin.jvm.internal.<unsafe-coerce> declared in kotlin.jvm.internal' type=androidx.compose.ui.graphics.Color origin=null
                TYPE_ARG T: kotlin.Long
                TYPE_ARG R: androidx.compose.ui.graphics.Color
                ARG v: CONST Long type=kotlin.Long value=0
            ARG error: COMPOSITE type=androidx.compose.ui.graphics.Color origin=DEFAULT_VALUE
              CALL 'public final fun <unsafe-coerce> <T, R> (v: T of kotlin.jvm.internal.<unsafe-coerce>): R of kotlin.jvm.internal.<unsafe-coerce> declared in kotlin.jvm.internal' type=androidx.compose.ui.graphics.Color origin=null
                TYPE_ARG T: kotlin.Long
                TYPE_ARG R: androidx.compose.ui.graphics.Color
                ARG v: CONST Long type=kotlin.Long value=0
            ARG onError: COMPOSITE type=androidx.compose.ui.graphics.Color origin=DEFAULT_VALUE
              CALL 'public final fun <unsafe-coerce> <T, R> (v: T of kotlin.jvm.internal.<unsafe-coerce>): R of kotlin.jvm.internal.<unsafe-coerce> declared in kotlin.jvm.internal' type=androidx.compose.ui.graphics.Color origin=null
                TYPE_ARG T: kotlin.Long
                TYPE_ARG R: androidx.compose.ui.graphics.Color
                ARG v: CONST Long type=kotlin.Long value=0
            ARG errorContainer: COMPOSITE type=androidx.compose.ui.graphics.Color origin=DEFAULT_VALUE
              CALL 'public final fun <unsafe-coerce> <T, R> (v: T of kotlin.jvm.internal.<unsafe-coerce>): R of kotlin.jvm.internal.<unsafe-coerce> declared in kotlin.jvm.internal' type=androidx.compose.ui.graphics.Color origin=null
                TYPE_ARG T: kotlin.Long
                TYPE_ARG R: androidx.compose.ui.graphics.Color
                ARG v: CONST Long type=kotlin.Long value=0
            ARG onErrorContainer: COMPOSITE type=androidx.compose.ui.graphics.Color origin=DEFAULT_VALUE
              CALL 'public final fun <unsafe-coerce> <T, R> (v: T of kotlin.jvm.internal.<unsafe-coerce>): R of kotlin.jvm.internal.<unsafe-coerce> declared in kotlin.jvm.internal' type=androidx.compose.ui.graphics.Color origin=null
                TYPE_ARG T: kotlin.Long
                TYPE_ARG R: androidx.compose.ui.graphics.Color
                ARG v: CONST Long type=kotlin.Long value=0
            ARG outline: COMPOSITE type=androidx.compose.ui.graphics.Color origin=DEFAULT_VALUE
              CALL 'public final fun <unsafe-coerce> <T, R> (v: T of kotlin.jvm.internal.<unsafe-coerce>): R of kotlin.jvm.internal.<unsafe-coerce> declared in kotlin.jvm.internal' type=androidx.compose.ui.graphics.Color origin=null
                TYPE_ARG T: kotlin.Long
                TYPE_ARG R: androidx.compose.ui.graphics.Color
                ARG v: CONST Long type=kotlin.Long value=0
            ARG outlineVariant: COMPOSITE type=androidx.compose.ui.graphics.Color origin=DEFAULT_VALUE
              CALL 'public final fun <unsafe-coerce> <T, R> (v: T of kotlin.jvm.internal.<unsafe-coerce>): R of kotlin.jvm.internal.<unsafe-coerce> declared in kotlin.jvm.internal' type=androidx.compose.ui.graphics.Color origin=null
                TYPE_ARG T: kotlin.Long
                TYPE_ARG R: androidx.compose.ui.graphics.Color
                ARG v: CONST Long type=kotlin.Long value=0
            ARG scrim: COMPOSITE type=androidx.compose.ui.graphics.Color origin=DEFAULT_VALUE
              CALL 'public final fun <unsafe-coerce> <T, R> (v: T of kotlin.jvm.internal.<unsafe-coerce>): R of kotlin.jvm.internal.<unsafe-coerce> declared in kotlin.jvm.internal' type=androidx.compose.ui.graphics.Color origin=null
                TYPE_ARG T: kotlin.Long
                TYPE_ARG R: androidx.compose.ui.graphics.Color
                ARG v: CONST Long type=kotlin.Long value=0
            ARG surfaceBright: COMPOSITE type=androidx.compose.ui.graphics.Color origin=DEFAULT_VALUE
              CALL 'public final fun <unsafe-coerce> <T, R> (v: T of kotlin.jvm.internal.<unsafe-coerce>): R of kotlin.jvm.internal.<unsafe-coerce> declared in kotlin.jvm.internal' type=androidx.compose.ui.graphics.Color origin=null
                TYPE_ARG T: kotlin.Long
                TYPE_ARG R: androidx.compose.ui.graphics.Color
                ARG v: CONST Long type=kotlin.Long value=0
            ARG surfaceContainer: COMPOSITE type=androidx.compose.ui.graphics.Color origin=DEFAULT_VALUE
              CALL 'public final fun <unsafe-coerce> <T, R> (v: T of kotlin.jvm.internal.<unsafe-coerce>): R of kotlin.jvm.internal.<unsafe-coerce> declared in kotlin.jvm.internal' type=androidx.compose.ui.graphics.Color origin=null
                TYPE_ARG T: kotlin.Long
                TYPE_ARG R: androidx.compose.ui.graphics.Color
                ARG v: CONST Long type=kotlin.Long value=0
            ARG surfaceContainerHigh: COMPOSITE type=androidx.compose.ui.graphics.Color origin=DEFAULT_VALUE
              CALL 'public final fun <unsafe-coerce> <T, R> (v: T of kotlin.jvm.internal.<unsafe-coerce>): R of kotlin.jvm.internal.<unsafe-coerce> declared in kotlin.jvm.internal' type=androidx.compose.ui.graphics.Color origin=null
                TYPE_ARG T: kotlin.Long
                TYPE_ARG R: androidx.compose.ui.graphics.Color
                ARG v: CONST Long type=kotlin.Long value=0
            ARG surfaceContainerHighest: COMPOSITE type=androidx.compose.ui.graphics.Color origin=DEFAULT_VALUE
              CALL 'public final fun <unsafe-coerce> <T, R> (v: T of kotlin.jvm.internal.<unsafe-coerce>): R of kotlin.jvm.internal.<unsafe-coerce> declared in kotlin.jvm.internal' type=androidx.compose.ui.graphics.Color origin=null
                TYPE_ARG T: kotlin.Long
                TYPE_ARG R: androidx.compose.ui.graphics.Color
                ARG v: CONST Long type=kotlin.Long value=0
            ARG surfaceContainerLow: COMPOSITE type=androidx.compose.ui.graphics.Color origin=DEFAULT_VALUE
              CALL 'public final fun <unsafe-coerce> <T, R> (v: T of kotlin.jvm.internal.<unsafe-coerce>): R of kotlin.jvm.internal.<unsafe-coerce> declared in kotlin.jvm.internal' type=androidx.compose.ui.graphics.Color origin=null
                TYPE_ARG T: kotlin.Long
                TYPE_ARG R: androidx.compose.ui.graphics.Color
                ARG v: CONST Long type=kotlin.Long value=0
            ARG surfaceContainerLowest: COMPOSITE type=androidx.compose.ui.graphics.Color origin=DEFAULT_VALUE
              CALL 'public final fun <unsafe-coerce> <T, R> (v: T of kotlin.jvm.internal.<unsafe-coerce>): R of kotlin.jvm.internal.<unsafe-coerce> declared in kotlin.jvm.internal' type=androidx.compose.ui.graphics.Color origin=null
                TYPE_ARG T: kotlin.Long
                TYPE_ARG R: androidx.compose.ui.graphics.Color
                ARG v: CONST Long type=kotlin.Long value=0
            ARG surfaceDim: COMPOSITE type=androidx.compose.ui.graphics.Color origin=DEFAULT_VALUE
              CALL 'public final fun <unsafe-coerce> <T, R> (v: T of kotlin.jvm.internal.<unsafe-coerce>): R of kotlin.jvm.internal.<unsafe-coerce> declared in kotlin.jvm.internal' type=androidx.compose.ui.graphics.Color origin=null
                TYPE_ARG T: kotlin.Long
                TYPE_ARG R: androidx.compose.ui.graphics.Color
                ARG v: CONST Long type=kotlin.Long value=0
            ARG primaryFixed: COMPOSITE type=androidx.compose.ui.graphics.Color origin=DEFAULT_VALUE
              CALL 'public final fun <unsafe-coerce> <T, R> (v: T of kotlin.jvm.internal.<unsafe-coerce>): R of kotlin.jvm.internal.<unsafe-coerce> declared in kotlin.jvm.internal' type=androidx.compose.ui.graphics.Color origin=null
                TYPE_ARG T: kotlin.Long
                TYPE_ARG R: androidx.compose.ui.graphics.Color
                ARG v: CONST Long type=kotlin.Long value=0
            ARG primaryFixedDim: COMPOSITE type=androidx.compose.ui.graphics.Color origin=DEFAULT_VALUE
              CALL 'public final fun <unsafe-coerce> <T, R> (v: T of kotlin.jvm.internal.<unsafe-coerce>): R of kotlin.jvm.internal.<unsafe-coerce> declared in kotlin.jvm.internal' type=androidx.compose.ui.graphics.Color origin=null
                TYPE_ARG T: kotlin.Long
                TYPE_ARG R: androidx.compose.ui.graphics.Color
                ARG v: CONST Long type=kotlin.Long value=0
            ARG onPrimaryFixed: COMPOSITE type=androidx.compose.ui.graphics.Color origin=DEFAULT_VALUE
              CALL 'public final fun <unsafe-coerce> <T, R> (v: T of kotlin.jvm.internal.<unsafe-coerce>): R of kotlin.jvm.internal.<unsafe-coerce> declared in kotlin.jvm.internal' type=androidx.compose.ui.graphics.Color origin=null
                TYPE_ARG T: kotlin.Long
                TYPE_ARG R: androidx.compose.ui.graphics.Color
                ARG v: CONST Long type=kotlin.Long value=0
            ARG onPrimaryFixedVariant: COMPOSITE type=androidx.compose.ui.graphics.Color origin=DEFAULT_VALUE
              CALL 'public final fun <unsafe-coerce> <T, R> (v: T of kotlin.jvm.internal.<unsafe-coerce>): R of kotlin.jvm.internal.<unsafe-coerce> declared in kotlin.jvm.internal' type=androidx.compose.ui.graphics.Color origin=null
                TYPE_ARG T: kotlin.Long
                TYPE_ARG R: androidx.compose.ui.graphics.Color
                ARG v: CONST Long type=kotlin.Long value=0
            ARG secondaryFixed: COMPOSITE type=androidx.compose.ui.graphics.Color origin=DEFAULT_VALUE
              CALL 'public final fun <unsafe-coerce> <T, R> (v: T of kotlin.jvm.internal.<unsafe-coerce>): R of kotlin.jvm.internal.<unsafe-coerce> declared in kotlin.jvm.internal' type=androidx.compose.ui.graphics.Color origin=null
                TYPE_ARG T: kotlin.Long
                TYPE_ARG R: androidx.compose.ui.graphics.Color
                ARG v: CONST Long type=kotlin.Long value=0
            ARG secondaryFixedDim: COMPOSITE type=androidx.compose.ui.graphics.Color origin=DEFAULT_VALUE
              CALL 'public final fun <unsafe-coerce> <T, R> (v: T of kotlin.jvm.internal.<unsafe-coerce>): R of kotlin.jvm.internal.<unsafe-coerce> declared in kotlin.jvm.internal' type=androidx.compose.ui.graphics.Color origin=null
                TYPE_ARG T: kotlin.Long
                TYPE_ARG R: androidx.compose.ui.graphics.Color
                ARG v: CONST Long type=kotlin.Long value=0
            ARG onSecondaryFixed: COMPOSITE type=androidx.compose.ui.graphics.Color origin=DEFAULT_VALUE
              CALL 'public final fun <unsafe-coerce> <T, R> (v: T of kotlin.jvm.internal.<unsafe-coerce>): R of kotlin.jvm.internal.<unsafe-coerce> declared in kotlin.jvm.internal' type=androidx.compose.ui.graphics.Color origin=null
                TYPE_ARG T: kotlin.Long
                TYPE_ARG R: androidx.compose.ui.graphics.Color
                ARG v: CONST Long type=kotlin.Long value=0
            ARG onSecondaryFixedVariant: COMPOSITE type=androidx.compose.ui.graphics.Color origin=DEFAULT_VALUE
              CALL 'public final fun <unsafe-coerce> <T, R> (v: T of kotlin.jvm.internal.<unsafe-coerce>): R of kotlin.jvm.internal.<unsafe-coerce> declared in kotlin.jvm.internal' type=androidx.compose.ui.graphics.Color origin=null
                TYPE_ARG T: kotlin.Long
                TYPE_ARG R: androidx.compose.ui.graphics.Color
                ARG v: CONST Long type=kotlin.Long value=0
            ARG tertiaryFixed: COMPOSITE type=androidx.compose.ui.graphics.Color origin=DEFAULT_VALUE
              CALL 'public final fun <unsafe-coerce> <T, R> (v: T of kotlin.jvm.internal.<unsafe-coerce>): R of kotlin.jvm.internal.<unsafe-coerce> declared in kotlin.jvm.internal' type=androidx.compose.ui.graphics.Color origin=null
                TYPE_ARG T: kotlin.Long
                TYPE_ARG R: androidx.compose.ui.graphics.Color
                ARG v: CONST Long type=kotlin.Long value=0
            ARG tertiaryFixedDim: COMPOSITE type=androidx.compose.ui.graphics.Color origin=DEFAULT_VALUE
              CALL 'public final fun <unsafe-coerce> <T, R> (v: T of kotlin.jvm.internal.<unsafe-coerce>): R of kotlin.jvm.internal.<unsafe-coerce> declared in kotlin.jvm.internal' type=androidx.compose.ui.graphics.Color origin=null
                TYPE_ARG T: kotlin.Long
                TYPE_ARG R: androidx.compose.ui.graphics.Color
                ARG v: CONST Long type=kotlin.Long value=0
            ARG onTertiaryFixed: COMPOSITE type=androidx.compose.ui.graphics.Color origin=DEFAULT_VALUE
              CALL 'public final fun <unsafe-coerce> <T, R> (v: T of kotlin.jvm.internal.<unsafe-coerce>): R of kotlin.jvm.internal.<unsafe-coerce> declared in kotlin.jvm.internal' type=androidx.compose.ui.graphics.Color origin=null
                TYPE_ARG T: kotlin.Long
                TYPE_ARG R: androidx.compose.ui.graphics.Color
                ARG v: CONST Long type=kotlin.Long value=0
            ARG onTertiaryFixedVariant: COMPOSITE type=androidx.compose.ui.graphics.Color origin=DEFAULT_VALUE
              CALL 'public final fun <unsafe-coerce> <T, R> (v: T of kotlin.jvm.internal.<unsafe-coerce>): R of kotlin.jvm.internal.<unsafe-coerce> declared in kotlin.jvm.internal' type=androidx.compose.ui.graphics.Color origin=null
                TYPE_ARG T: kotlin.Long
                TYPE_ARG R: androidx.compose.ui.graphics.Color
                ARG v: CONST Long type=kotlin.Long value=0
            ARG $mask0: CONST Int type=kotlin.Int value=-1
            ARG $mask1: CONST Int type=kotlin.Int value=65535
            ARG $handler: CONST Null type=kotlin.Any? value=null
    CALL 'public final fun MaterialTheme$default (colorScheme: androidx.compose.material3.ColorScheme?, shapes: androidx.compose.material3.Shapes?, typography: androidx.compose.material3.Typography?, content: @[Composable] kotlin.Function0<kotlin.Unit>, $mask0: kotlin.Int, $handler: kotlin.Any?): kotlin.Unit declared in androidx.compose.material3.MaterialThemeKt' type=kotlin.Unit origin=DEFAULT_DISPATCH_CALL
      ARG colorScheme: GET_VAR 'val colorScheme: androidx.compose.material3.ColorScheme [val] declared in com.example.gigpilot.MainActivity.onCreate$lambda$0' type=androidx.compose.material3.ColorScheme origin=null
      ARG shapes: COMPOSITE type=androidx.compose.material3.Shapes? origin=DEFAULT_VALUE
        CONST Null type=androidx.compose.material3.Shapes? value=null
      ARG typography: COMPOSITE type=androidx.compose.material3.Typography? origin=DEFAULT_VALUE
        CONST Null type=androidx.compose.material3.Typography? value=null
      ARG content: BLOCK type=kotlin.Function0<kotlin.Unit> origin=LAMBDA
        COMPOSITE type=kotlin.Unit origin=null
        CALL 'public final fun <jvm-indy> <T> (dynamicCall: T of kotlin.jvm.internal.<jvm-indy>, bootstrapMethodHandle: kotlin.Any, vararg bootstrapMethodArguments: kotlin.Any): T of kotlin.jvm.internal.<jvm-indy> declared in kotlin.jvm.internal' type=kotlin.Function0<kotlin.Unit> origin=null
          TYPE_ARG T: kotlin.Function0<kotlin.Unit>
          ARG dynamicCall: CALL 'public final fun invoke (p0: com.example.gigpilot.MainActivity, p1: androidx.compose.runtime.MutableState<kotlin.Boolean>, p2: com.example.gigpilot.data.GigPrefs): kotlin.Function0<kotlin.Unit> declared in kotlin.jvm.internal.invokeDynamic' type=kotlin.Function0<kotlin.Unit> origin=null
            ARG p0: GET_VAR 'this$0: com.example.gigpilot.MainActivity declared in com.example.gigpilot.MainActivity.onCreate$lambda$0' type=com.example.gigpilot.MainActivity origin=null
            ARG p1: GET_VAR 'val isAppDark$delegate: androidx.compose.runtime.MutableState<kotlin.Boolean> [val] declared in com.example.gigpilot.MainActivity.onCreate$lambda$0' type=androidx.compose.runtime.MutableState<kotlin.Boolean> origin=null
            ARG p2: GET_VAR '$prefs: com.example.gigpilot.data.GigPrefs declared in com.example.gigpilot.MainActivity.onCreate$lambda$0' type=com.example.gigpilot.data.GigPrefs origin=null
          ARG bootstrapMethodHandle: CALL 'public final fun <jvm-method-handle> (tag: kotlin.Int, owner: kotlin.String, name: kotlin.String, descriptor: kotlin.String, isInterface: kotlin.Boolean): kotlin.Any declared in kotlin.jvm.internal' type=kotlin.Any origin=null
            ARG tag: CONST Int type=kotlin.Int value=6
            ARG owner: CONST String type=kotlin.String value="java/lang/invoke/LambdaMetafactory"
            ARG name: CONST String type=kotlin.String value="metafactory"
            ARG descriptor: CONST String type=kotlin.String value="(Ljava/lang/invoke/MethodHandles$Lookup;Ljava/lang/String;Ljava/lang/invoke/MethodType;Ljava/lang/invoke/MethodType;Ljava/lang/invoke/MethodHandle;Ljava/lang/invoke/MethodType;)Ljava/lang/invoke/CallSite;"
            ARG isInterface: CONST Boolean type=kotlin.Boolean value=false
          ARG bootstrapMethodArguments: VARARG type=kotlin.Array<kotlin.Any> varargElementType=kotlin.Any
            CALL 'public final fun <jvm-original-method-type> (method: kotlin.Any): kotlin.Any declared in kotlin.jvm.internal' type=kotlin.Any origin=null
              ARG method: RAW_FUNCTION_REFERENCE 'public abstract fun invoke (): R of kotlin.Function0 [operator] declared in kotlin.Function0' type=kotlin.Any
            RAW_FUNCTION_REFERENCE 'private final fun onCreate$lambda$0$3 (this$0: com.example.gigpilot.MainActivity, $isAppDark$delegate: androidx.compose.runtime.MutableState<kotlin.Boolean>, $prefs: com.example.gigpilot.data.GigPrefs): kotlin.Unit? declared in com.example.gigpilot.MainActivity' type=kotlin.Any
            CALL 'public final fun <jvm-original-method-type> (method: kotlin.Any): kotlin.Any declared in kotlin.jvm.internal' type=kotlin.Any origin=null
              ARG method: RAW_FUNCTION_REFERENCE 'public abstract fun invoke (): kotlin.Unit? [fake_override,operator] declared in kotlin.jvm.internal.invokeDynamic.<fake>' type=kotlin.Any
      ARG $mask0: CONST Int type=kotlin.Int value=6
      ARG $handler: CONST Null type=kotlin.Any? value=null

	at org.jetbrains.kotlin.backend.jvm.codegen.FunctionCodegen.generate(FunctionCodegen.kt:56)
	at org.jetbrains.kotlin.backend.jvm.codegen.FunctionCodegen.generate$default(FunctionCodegen.kt:49)
	at org.jetbrains.kotlin.backend.jvm.codegen.ClassCodegen.generateMethodNode(ClassCodegen.kt:428)
	at org.jetbrains.kotlin.backend.jvm.codegen.ClassCodegen.generateMethod(ClassCodegen.kt:445)
	at org.jetbrains.kotlin.backend.jvm.codegen.ClassCodegen.generate(ClassCodegen.kt:168)
	at org.jetbrains.kotlin.backend.jvm.JvmIrCodegenFactory.generateFile(JvmIrCodegenFactory.kt:467)
	at org.jetbrains.kotlin.backend.jvm.JvmIrCodegenFactory.invokeCodegen(JvmIrCodegenFactory.kt:433)
	at org.jetbrains.kotlin.cli.jvm.compiler.KotlinToJVMBytecodeCompiler.runCodegen$cli(KotlinToJVMBytecodeCompiler.kt:409)
	at org.jetbrains.kotlin.cli.pipeline.jvm.JvmBackendPipelinePhase.executePhase(JvmBackendPipelinePhase.kt:89)
	at org.jetbrains.kotlin.cli.pipeline.jvm.JvmBackendPipelinePhase.executePhase(JvmBackendPipelinePhase.kt:27)
	at org.jetbrains.kotlin.cli.pipeline.PipelinePhase.phaseBody(PipelinePhase.kt:68)
	at org.jetbrains.kotlin.cli.pipeline.PipelinePhase.phaseBody(PipelinePhase.kt:58)
	at org.jetbrains.kotlin.config.phaser.NamedCompilerPhase.invoke(CompilerPhase.kt:102)
	at org.jetbrains.kotlin.backend.common.phaser.CompositePhase.invoke(PhaseBuilders.kt:22)
	at org.jetbrains.kotlin.config.phaser.CompilerPhaseKt.invokeToplevel(CompilerPhase.kt:53)
	at org.jetbrains.kotlin.cli.pipeline.AbstractCliPipeline.runPhasedPipeline(AbstractCliPipeline.kt:109)
	at org.jetbrains.kotlin.cli.pipeline.AbstractCliPipeline.execute(AbstractCliPipeline.kt:68)
	at org.jetbrains.kotlin.cli.jvm.K2JVMCompiler.doExecutePhased(K2JVMCompiler.kt:51)
	at org.jetbrains.kotlin.cli.jvm.K2JVMCompiler.doExecutePhased(K2JVMCompiler.kt:42)
	at org.jetbrains.kotlin.cli.common.CLICompiler.execImpl(CLICompiler.kt:89)
	at org.jetbrains.kotlin.cli.common.CLICompiler.exec(CLICompiler.kt:359)
	at org.jetbrains.kotlin.incremental.IncrementalJvmCompilerRunnerBase.runCompiler(IncrementalJvmCompilerRunnerBase.kt:178)
	at org.jetbrains.kotlin.incremental.IncrementalJvmCompilerRunnerBase.runCompiler(IncrementalJvmCompilerRunnerBase.kt:40)
	at org.jetbrains.kotlin.incremental.IncrementalCompilerRunner.doCompile(IncrementalCompilerRunner.kt:504)
	at org.jetbrains.kotlin.incremental.IncrementalCompilerRunner.compileImpl(IncrementalCompilerRunner.kt:418)
	at org.jetbrains.kotlin.incremental.IncrementalCompilerRunner.compileNonIncrementally(IncrementalCompilerRunner.kt:301)
	at org.jetbrains.kotlin.incremental.IncrementalCompilerRunner.compile(IncrementalCompilerRunner.kt:128)
	at org.jetbrains.kotlin.daemon.CompileServiceImplBase.execIncrementalCompiler(CompileServiceImpl.kt:684)
	at org.jetbrains.kotlin.daemon.CompileServiceImplBase.access$execIncrementalCompiler(CompileServiceImpl.kt:94)
	at org.jetbrains.kotlin.daemon.CompileServiceImpl.compile(CompileServiceImpl.kt:1810)
	at java.base/jdk.internal.reflect.DirectMethodHandleAccessor.invoke(Unknown Source)
	at java.base/java.lang.reflect.Method.invoke(Unknown Source)
	at java.rmi/sun.rmi.server.UnicastServerRef.dispatch(Unknown Source)
	at java.rmi/sun.rmi.transport.Transport$1.run(Unknown Source)
	at java.rmi/sun.rmi.transport.Transport$1.run(Unknown Source)
	at java.base/java.security.AccessController.doPrivileged(Unknown Source)
	at java.rmi/sun.rmi.transport.Transport.serviceCall(Unknown Source)
	at java.rmi/sun.rmi.transport.tcp.TCPTransport.handleMessages(Unknown Source)
	at java.rmi/sun.rmi.transport.tcp.TCPTransport$ConnectionHandler.run0(Unknown Source)
	at java.rmi/sun.rmi.transport.tcp.TCPTransport$ConnectionHandler.lambda$run$0(Unknown Source)
	at java.base/java.security.AccessController.doPrivileged(Unknown Source)
	at java.rmi/sun.rmi.transport.tcp.TCPTransport$ConnectionHandler.run(Unknown Source)
	at java.base/java.util.concurrent.ThreadPoolExecutor.runWorker(Unknown Source)
	at java.base/java.util.concurrent.ThreadPoolExecutor$Worker.run(Unknown Source)
	at java.base/java.lang.Thread.run(Unknown Source)
Caused by: org.jetbrains.kotlin.codegen.CompilationException: Back-end (JVM) Internal error: Couldn't inline method call: CALL 'public final fun remember <T> (calculation: @[DisallowComposableCalls] kotlin.Function0<T of androidx.compose.runtime.ComposablesKt.remember>): T of androidx.compose.runtime.ComposablesKt.remember [inline] declared in androidx.compose.runtime.ComposablesKt' type=androidx.compose.runtime.MutableState<kotlin.Boolean> origin=null
Method: null
File is unknown
The root cause java.lang.IllegalStateException was thrown at: org.jetbrains.kotlin.codegen.inline.SourceCompilerForInlineKt.getMethodNode(SourceCompilerForInline.kt:129)
	at org.jetbrains.kotlin.backend.jvm.codegen.IrInlineCodegen.genInlineCall(IrInlineCodegen.kt:81)
	at org.jetbrains.kotlin.backend.jvm.codegen.IrInlineCallGenerator.genCall(IrInlineCallGenerator.kt:36)
	at org.jetbrains.kotlin.backend.jvm.codegen.ExpressionCodegen.visitCall(ExpressionCodegen.kt:554)
	at org.jetbrains.kotlin.backend.jvm.codegen.ExpressionCodegen.visitCall(ExpressionCodegen.kt:138)
	at org.jetbrains.kotlin.ir.expressions.IrCall.accept(IrCall.kt:24)
	at org.jetbrains.kotlin.backend.jvm.codegen.ExpressionCodegen.visitVariable(ExpressionCodegen.kt:685)
	at org.jetbrains.kotlin.backend.jvm.codegen.ExpressionCodegen.visitVariable(ExpressionCodegen.kt:138)
	at org.jetbrains.kotlin.ir.declarations.IrVariable.accept(IrVariable.kt:36)
	at org.jetbrains.kotlin.backend.jvm.codegen.ExpressionCodegen.visitStatementContainer(ExpressionCodegen.kt:489)
	at org.jetbrains.kotlin.backend.jvm.codegen.ExpressionCodegen.visitBlockBody(ExpressionCodegen.kt:494)
	at org.jetbrains.kotlin.backend.jvm.codegen.ExpressionCodegen.visitBlockBody(ExpressionCodegen.kt:138)
	at org.jetbrains.kotlin.ir.expressions.IrBlockBody.accept(IrBlockBody.kt:20)
	at org.jetbrains.kotlin.backend.jvm.codegen.ExpressionCodegen.generate(ExpressionCodegen.kt:231)
	at org.jetbrains.kotlin.backend.jvm.codegen.FunctionCodegen.doGenerate(FunctionCodegen.kt:132)
	at org.jetbrains.kotlin.backend.jvm.codegen.FunctionCodegen.generate(FunctionCodegen.kt:53)
	... 44 more
Caused by: java.lang.IllegalStateException: couldn't find inline method Landroidx/compose/runtime/ComposablesKt;.remember(Lkotlin/jvm/functions/Function0;)Ljava/lang/Object;
	at org.jetbrains.kotlin.codegen.inline.SourceCompilerForInlineKt.getMethodNode(SourceCompilerForInline.kt:129)
	at org.jetbrains.kotlin.codegen.inline.SourceCompilerForInlineKt.loadCompiledInlineFunction$lambda$0(SourceCompilerForInline.kt:98)
	at org.jetbrains.kotlin.codegen.inline.InlineCache.computeMethodBytes(InlineCache.kt:90)
	at org.jetbrains.kotlin.codegen.inline.SourceCompilerForInlineKt.loadCompiledInlineFunction(SourceCompilerForInline.kt:93)
	at org.jetbrains.kotlin.backend.jvm.codegen.IrSourceCompilerForInline.compileInlineFunction(IrSourceCompilerForInline.kt:96)
	at org.jetbrains.kotlin.backend.jvm.codegen.IrInlineCodegen.genInlineCall(IrInlineCodegen.kt:64)
	... 58 more


